d:\xqg\caffe_rtpose-master\bin\caffe.lib
d:\xqg\caffe_rtpose-master\bin\caffe.exp
d:\xqg\caffe_rtpose-master\caffe\caffe\x64\release\vc120.pdb
d:\xqg\caffe_rtpose-master\caffe\caffe\x64\release\contrastive_loss_layer.obj
d:\xqg\caffe_rtpose-master\caffe\caffe\x64\release\concat_layer.obj
d:\xqg\caffe_rtpose-master\caffe\caffe\x64\release\bnll_layer.obj
d:\xqg\caffe_rtpose-master\caffe\caffe\x64\release\bias_layer.obj
d:\xqg\caffe_rtpose-master\caffe\caffe\x64\release\batch_reindex_layer.obj
d:\xqg\caffe_rtpose-master\caffe\caffe\x64\release\batch_norm_layer.obj
d:\xqg\caffe_rtpose-master\caffe\caffe\x64\release\base_data_layer.obj
d:\xqg\caffe_rtpose-master\caffe\caffe\x64\release\base_conv_layer.obj
d:\xqg\caffe_rtpose-master\caffe\caffe\x64\release\argmax_layer.obj
d:\xqg\caffe_rtpose-master\caffe\caffe\x64\release\accuracy_layer.obj
d:\xqg\caffe_rtpose-master\caffe\caffe\x64\release\absval_layer.obj
d:\xqg\caffe_rtpose-master\caffe\caffe\x64\release\layer.obj
d:\xqg\caffe_rtpose-master\caffe\caffe\x64\release\internal_thread.obj
d:\xqg\caffe_rtpose-master\caffe\caffe\x64\release\data_transformer.obj
d:\xqg\caffe_rtpose-master\caffe\caffe\x64\release\data_reader.obj
d:\xqg\caffe_rtpose-master\caffe\caffe\x64\release\nms_layer.obj
d:\xqg\caffe_rtpose-master\caffe\caffe\x64\release\imresize_layer.obj
d:\xqg\caffe_rtpose-master\caffe\caffe\x64\release\common.obj
d:\xqg\caffe_rtpose-master\caffe\caffe\x64\release\blob.obj
d:\xqg\caffe_rtpose-master\caffe\caffe\x64\release\rtpose.obj
d:\xqg\caffe_rtpose-master\caffe\caffe\x64\release\exp_layer.obj
d:\xqg\caffe_rtpose-master\caffe\caffe\x64\release\euclidean_loss_layer.obj
d:\xqg\caffe_rtpose-master\caffe\caffe\x64\release\euclideanmask_loss_layer.obj
d:\xqg\caffe_rtpose-master\caffe\caffe\x64\release\embed_layer.obj
d:\xqg\caffe_rtpose-master\caffe\caffe\x64\release\elu_layer.obj
d:\xqg\caffe_rtpose-master\caffe\caffe\x64\release\eltwise_layer.obj
d:\xqg\caffe_rtpose-master\caffe\caffe\x64\release\dummy_data_layer.obj
d:\xqg\caffe_rtpose-master\caffe\caffe\x64\release\dropout_layer.obj
d:\xqg\caffe_rtpose-master\caffe\caffe\x64\release\deconv_layer.obj
d:\xqg\caffe_rtpose-master\caffe\caffe\x64\release\data_layer.obj
d:\xqg\caffe_rtpose-master\caffe\caffe\x64\release\cudnn_tanh_layer.obj
d:\xqg\caffe_rtpose-master\caffe\caffe\x64\release\cudnn_softmax_layer.obj
d:\xqg\caffe_rtpose-master\caffe\caffe\x64\release\cudnn_sigmoid_layer.obj
d:\xqg\caffe_rtpose-master\caffe\caffe\x64\release\cudnn_relu_layer.obj
d:\xqg\caffe_rtpose-master\caffe\caffe\x64\release\cudnn_pooling_layer.obj
d:\xqg\caffe_rtpose-master\caffe\caffe\x64\release\cudnn_lrn_layer.obj
d:\xqg\caffe_rtpose-master\caffe\caffe\x64\release\cudnn_lcn_layer.obj
d:\xqg\caffe_rtpose-master\caffe\caffe\x64\release\cudnn_conv_layer.obj
d:\xqg\caffe_rtpose-master\caffe\caffe\x64\release\crop_layer.obj
d:\xqg\caffe_rtpose-master\caffe\caffe\x64\release\conv_layer.obj
d:\xqg\caffe_rtpose-master\caffe\caffe\x64\release\parameter_layer.obj
d:\xqg\caffe_rtpose-master\caffe\caffe\x64\release\neuron_layer.obj
d:\xqg\caffe_rtpose-master\caffe\caffe\x64\release\mvn_layer.obj
d:\xqg\caffe_rtpose-master\caffe\caffe\x64\release\multinomial_logistic_loss_layer.obj
d:\xqg\caffe_rtpose-master\caffe\caffe\x64\release\memory_data_layer.obj
d:\xqg\caffe_rtpose-master\caffe\caffe\x64\release\lstm_unit_layer.obj
d:\xqg\caffe_rtpose-master\caffe\caffe\x64\release\lstm_layer.obj
d:\xqg\caffe_rtpose-master\caffe\caffe\x64\release\lrn_layer.obj
d:\xqg\caffe_rtpose-master\caffe\caffe\x64\release\loss_layer.obj
d:\xqg\caffe_rtpose-master\caffe\caffe\x64\release\log_layer.obj
d:\xqg\caffe_rtpose-master\caffe\caffe\x64\release\input_layer.obj
d:\xqg\caffe_rtpose-master\caffe\caffe\x64\release\inner_product_layer.obj
d:\xqg\caffe_rtpose-master\caffe\caffe\x64\release\infogain_loss_layer.obj
d:\xqg\caffe_rtpose-master\caffe\caffe\x64\release\image_data_layer.obj
d:\xqg\caffe_rtpose-master\caffe\caffe\x64\release\im2col_layer.obj
d:\xqg\caffe_rtpose-master\caffe\caffe\x64\release\hinge_loss_layer.obj
d:\xqg\caffe_rtpose-master\caffe\caffe\x64\release\hdf5_output_layer.obj
d:\xqg\caffe_rtpose-master\caffe\caffe\x64\release\hdf5_data_layer.obj
d:\xqg\caffe_rtpose-master\caffe\caffe\x64\release\flatten_layer.obj
d:\xqg\caffe_rtpose-master\caffe\caffe\x64\release\filter_layer.obj
d:\xqg\caffe_rtpose-master\caffe\caffe\x64\release\tile_layer.obj
d:\xqg\caffe_rtpose-master\caffe\caffe\x64\release\threshold_layer.obj
d:\xqg\caffe_rtpose-master\caffe\caffe\x64\release\tanh_layer.obj
d:\xqg\caffe_rtpose-master\caffe\caffe\x64\release\spp_layer.obj
d:\xqg\caffe_rtpose-master\caffe\caffe\x64\release\split_layer.obj
d:\xqg\caffe_rtpose-master\caffe\caffe\x64\release\softmax_loss_layer.obj
d:\xqg\caffe_rtpose-master\caffe\caffe\x64\release\softmax_layer.obj
d:\xqg\caffe_rtpose-master\caffe\caffe\x64\release\slice_layer.obj
d:\xqg\caffe_rtpose-master\caffe\caffe\x64\release\silence_layer.obj
d:\xqg\caffe_rtpose-master\caffe\caffe\x64\release\sigmoid_layer.obj
d:\xqg\caffe_rtpose-master\caffe\caffe\x64\release\sigmoid_cross_entropy_loss_layer.obj
d:\xqg\caffe_rtpose-master\caffe\caffe\x64\release\scale_layer.obj
d:\xqg\caffe_rtpose-master\caffe\caffe\x64\release\rnn_layer.obj
d:\xqg\caffe_rtpose-master\caffe\caffe\x64\release\reshape_layer.obj
d:\xqg\caffe_rtpose-master\caffe\caffe\x64\release\relu_layer.obj
d:\xqg\caffe_rtpose-master\caffe\caffe\x64\release\reduction_layer.obj
d:\xqg\caffe_rtpose-master\caffe\caffe\x64\release\recurrent_layer.obj
d:\xqg\caffe_rtpose-master\caffe\caffe\x64\release\prelu_layer.obj
d:\xqg\caffe_rtpose-master\caffe\caffe\x64\release\power_layer.obj
d:\xqg\caffe_rtpose-master\caffe\caffe\x64\release\pooling_layer.obj
d:\xqg\caffe_rtpose-master\caffe\caffe\x64\release\upgrade_proto.obj
d:\xqg\caffe_rtpose-master\caffe\caffe\x64\release\signal_handler.obj
d:\xqg\caffe_rtpose-master\caffe\caffe\x64\release\math_functions.obj
d:\xqg\caffe_rtpose-master\caffe\caffe\x64\release\io.obj
d:\xqg\caffe_rtpose-master\caffe\caffe\x64\release\insert_splits.obj
d:\xqg\caffe_rtpose-master\caffe\caffe\x64\release\im2col.obj
d:\xqg\caffe_rtpose-master\caffe\caffe\x64\release\hdf5.obj
d:\xqg\caffe_rtpose-master\caffe\caffe\x64\release\db_lmdb.obj
d:\xqg\caffe_rtpose-master\caffe\caffe\x64\release\db_leveldb.obj
d:\xqg\caffe_rtpose-master\caffe\caffe\x64\release\db.obj
d:\xqg\caffe_rtpose-master\caffe\caffe\x64\release\cudnn.obj
d:\xqg\caffe_rtpose-master\caffe\caffe\x64\release\blocking_queue.obj
d:\xqg\caffe_rtpose-master\caffe\caffe\x64\release\benchmark.obj
d:\xqg\caffe_rtpose-master\caffe\caffe\x64\release\syncedmem.obj
d:\xqg\caffe_rtpose-master\caffe\caffe\x64\release\solver.obj
d:\xqg\caffe_rtpose-master\caffe\caffe\x64\release\caffe.pb.obj
d:\xqg\caffe_rtpose-master\caffe\caffe\x64\release\parallel.obj
d:\xqg\caffe_rtpose-master\caffe\caffe\x64\release\net.obj
d:\xqg\caffe_rtpose-master\caffe\caffe\x64\release\layer_factory.obj
d:\xqg\caffe_rtpose-master\caffe\caffe\x64\release\window_data_layer.obj
d:\xqg\caffe_rtpose-master\caffe\caffe\x64\release\modeldescriptorfactory.obj
d:\xqg\caffe_rtpose-master\caffe\caffe\x64\release\modeldescriptor.obj
d:\xqg\caffe_rtpose-master\caffe\caffe\x64\release\depth2mesh.obj
d:\xqg\caffe_rtpose-master\caffe\caffe\x64\release\connect_functions.obj
d:\xqg\caffe_rtpose-master\caffe\caffe\x64\release\imagerenderer.obj
d:\xqg\caffe_rtpose-master\caffe\caffe\x64\release\coordinatemappingbasics.obj
d:\xqg\caffe_rtpose-master\bin\caffe.exe
d:\xqg\caffe_rtpose-master\bin\caffe.pdb
d:\xqg\caffe_rtpose-master\caffe\caffe\x64\release\coordinatemappingbasics.res
d:\xqg\caffe_rtpose-master\caffe\caffe\x64\release\absval_layer.cu.cache
d:\xqg\caffe_rtpose-master\caffe\caffe\x64\release\base_data_layer.cu.cache
d:\xqg\caffe_rtpose-master\caffe\caffe\x64\release\batch_norm_layer.cu.cache
d:\xqg\caffe_rtpose-master\caffe\caffe\x64\release\batch_reindex_layer.cu.cache
d:\xqg\caffe_rtpose-master\caffe\caffe\x64\release\bias_layer.cu.cache
d:\xqg\caffe_rtpose-master\caffe\caffe\x64\release\bnll_layer.cu.cache
d:\xqg\caffe_rtpose-master\caffe\caffe\x64\release\concat_layer.cu.cache
d:\xqg\caffe_rtpose-master\caffe\caffe\x64\release\contrastive_loss_layer.cu.cache
d:\xqg\caffe_rtpose-master\caffe\caffe\x64\release\conv_layer.cu.cache
d:\xqg\caffe_rtpose-master\caffe\caffe\x64\release\crop_layer.cu.cache
d:\xqg\caffe_rtpose-master\caffe\caffe\x64\release\cudnn_conv_layer.cu.cache
d:\xqg\caffe_rtpose-master\caffe\caffe\x64\release\cudnn_lcn_layer.cu.cache
d:\xqg\caffe_rtpose-master\caffe\caffe\x64\release\cudnn_lrn_layer.cu.cache
d:\xqg\caffe_rtpose-master\caffe\caffe\x64\release\cudnn_pooling_layer.cu.cache
d:\xqg\caffe_rtpose-master\caffe\caffe\x64\release\cudnn_relu_layer.cu.cache
d:\xqg\caffe_rtpose-master\caffe\caffe\x64\release\cudnn_sigmoid_layer.cu.cache
d:\xqg\caffe_rtpose-master\caffe\caffe\x64\release\cudnn_softmax_layer.cu.cache
d:\xqg\caffe_rtpose-master\caffe\caffe\x64\release\cudnn_tanh_layer.cu.cache
d:\xqg\caffe_rtpose-master\caffe\caffe\x64\release\deconv_layer.cu.cache
d:\xqg\caffe_rtpose-master\caffe\caffe\x64\release\dropout_layer.cu.cache
d:\xqg\caffe_rtpose-master\caffe\caffe\x64\release\eltwise_layer.cu.cache
d:\xqg\caffe_rtpose-master\caffe\caffe\x64\release\elu_layer.cu.cache
d:\xqg\caffe_rtpose-master\caffe\caffe\x64\release\embed_layer.cu.cache
d:\xqg\caffe_rtpose-master\caffe\caffe\x64\release\euclideanmask_loss_layer.cu.cache
d:\xqg\caffe_rtpose-master\caffe\caffe\x64\release\euclidean_loss_layer.cu.cache
d:\xqg\caffe_rtpose-master\caffe\caffe\x64\release\exp_layer.cu.cache
d:\xqg\caffe_rtpose-master\caffe\caffe\x64\release\filter_layer.cu.cache
d:\xqg\caffe_rtpose-master\caffe\caffe\x64\release\hdf5_data_layer.cu.cache
d:\xqg\caffe_rtpose-master\caffe\caffe\x64\release\hdf5_output_layer.cu.cache
d:\xqg\caffe_rtpose-master\caffe\caffe\x64\release\im2col.cu.cache
d:\xqg\caffe_rtpose-master\caffe\caffe\x64\release\im2col_layer.cu.cache
d:\xqg\caffe_rtpose-master\caffe\caffe\x64\release\imresize_layer.cu.cache
d:\xqg\caffe_rtpose-master\caffe\caffe\x64\release\inner_product_layer.cu.cache
d:\xqg\caffe_rtpose-master\caffe\caffe\x64\release\log_layer.cu.cache
d:\xqg\caffe_rtpose-master\caffe\caffe\x64\release\lrn_layer.cu.cache
d:\xqg\caffe_rtpose-master\caffe\caffe\x64\release\lstm_unit_layer.cu.cache
d:\xqg\caffe_rtpose-master\caffe\caffe\x64\release\math_functions.cu.cache
d:\xqg\caffe_rtpose-master\caffe\caffe\x64\release\mvn_layer.cu.cache
d:\xqg\caffe_rtpose-master\caffe\caffe\x64\release\nms_layer.cu.cache
d:\xqg\caffe_rtpose-master\caffe\caffe\x64\release\pooling_layer.cu.cache
d:\xqg\caffe_rtpose-master\caffe\caffe\x64\release\power_layer.cu.cache
d:\xqg\caffe_rtpose-master\caffe\caffe\x64\release\prelu_layer.cu.cache
d:\xqg\caffe_rtpose-master\caffe\caffe\x64\release\recurrent_layer.cu.cache
d:\xqg\caffe_rtpose-master\caffe\caffe\x64\release\reduction_layer.cu.cache
d:\xqg\caffe_rtpose-master\caffe\caffe\x64\release\relu_layer.cu.cache
d:\xqg\caffe_rtpose-master\caffe\caffe\x64\release\renderfunctions.cu.cache
d:\xqg\caffe_rtpose-master\caffe\caffe\x64\release\scale_layer.cu.cache
d:\xqg\caffe_rtpose-master\caffe\caffe\x64\release\sigmoid_cross_entropy_loss_layer.cu.cache
d:\xqg\caffe_rtpose-master\caffe\caffe\x64\release\sigmoid_layer.cu.cache
d:\xqg\caffe_rtpose-master\caffe\caffe\x64\release\silence_layer.cu.cache
d:\xqg\caffe_rtpose-master\caffe\caffe\x64\release\slice_layer.cu.cache
d:\xqg\caffe_rtpose-master\caffe\caffe\x64\release\softmax_layer.cu.cache
d:\xqg\caffe_rtpose-master\caffe\caffe\x64\release\softmax_loss_layer.cu.cache
d:\xqg\caffe_rtpose-master\caffe\caffe\x64\release\split_layer.cu.cache
d:\xqg\caffe_rtpose-master\caffe\caffe\x64\release\tanh_layer.cu.cache
d:\xqg\caffe_rtpose-master\caffe\caffe\x64\release\threshold_layer.cu.cache
d:\xqg\caffe_rtpose-master\caffe\caffe\x64\release\tile_layer.cu.cache
d:\xqg\caffe_rtpose-master\caffe\caffe\x64\release\absval_layer.cu.obj
d:\xqg\caffe_rtpose-master\caffe\caffe\x64\release\base_data_layer.cu.obj
d:\xqg\caffe_rtpose-master\caffe\caffe\x64\release\batch_norm_layer.cu.obj
d:\xqg\caffe_rtpose-master\caffe\caffe\x64\release\batch_reindex_layer.cu.obj
d:\xqg\caffe_rtpose-master\caffe\caffe\x64\release\bias_layer.cu.obj
d:\xqg\caffe_rtpose-master\caffe\caffe\x64\release\bnll_layer.cu.obj
d:\xqg\caffe_rtpose-master\caffe\caffe\x64\release\concat_layer.cu.obj
d:\xqg\caffe_rtpose-master\caffe\caffe\x64\release\contrastive_loss_layer.cu.obj
d:\xqg\caffe_rtpose-master\caffe\caffe\x64\release\conv_layer.cu.obj
d:\xqg\caffe_rtpose-master\caffe\caffe\x64\release\crop_layer.cu.obj
d:\xqg\caffe_rtpose-master\caffe\caffe\x64\release\cudnn_conv_layer.cu.obj
d:\xqg\caffe_rtpose-master\caffe\caffe\x64\release\cudnn_lcn_layer.cu.obj
d:\xqg\caffe_rtpose-master\caffe\caffe\x64\release\cudnn_lrn_layer.cu.obj
d:\xqg\caffe_rtpose-master\caffe\caffe\x64\release\cudnn_pooling_layer.cu.obj
d:\xqg\caffe_rtpose-master\caffe\caffe\x64\release\cudnn_relu_layer.cu.obj
d:\xqg\caffe_rtpose-master\caffe\caffe\x64\release\cudnn_sigmoid_layer.cu.obj
d:\xqg\caffe_rtpose-master\caffe\caffe\x64\release\cudnn_softmax_layer.cu.obj
d:\xqg\caffe_rtpose-master\caffe\caffe\x64\release\cudnn_tanh_layer.cu.obj
d:\xqg\caffe_rtpose-master\caffe\caffe\x64\release\deconv_layer.cu.obj
d:\xqg\caffe_rtpose-master\caffe\caffe\x64\release\dropout_layer.cu.obj
d:\xqg\caffe_rtpose-master\caffe\caffe\x64\release\eltwise_layer.cu.obj
d:\xqg\caffe_rtpose-master\caffe\caffe\x64\release\elu_layer.cu.obj
d:\xqg\caffe_rtpose-master\caffe\caffe\x64\release\embed_layer.cu.obj
d:\xqg\caffe_rtpose-master\caffe\caffe\x64\release\euclideanmask_loss_layer.cu.obj
d:\xqg\caffe_rtpose-master\caffe\caffe\x64\release\euclidean_loss_layer.cu.obj
d:\xqg\caffe_rtpose-master\caffe\caffe\x64\release\exp_layer.cu.obj
d:\xqg\caffe_rtpose-master\caffe\caffe\x64\release\filter_layer.cu.obj
d:\xqg\caffe_rtpose-master\caffe\caffe\x64\release\hdf5_data_layer.cu.obj
d:\xqg\caffe_rtpose-master\caffe\caffe\x64\release\hdf5_output_layer.cu.obj
d:\xqg\caffe_rtpose-master\caffe\caffe\x64\release\im2col.cu.obj
d:\xqg\caffe_rtpose-master\caffe\caffe\x64\release\im2col_layer.cu.obj
d:\xqg\caffe_rtpose-master\caffe\caffe\x64\release\imresize_layer.cu.obj
d:\xqg\caffe_rtpose-master\caffe\caffe\x64\release\inner_product_layer.cu.obj
d:\xqg\caffe_rtpose-master\caffe\caffe\x64\release\log_layer.cu.obj
d:\xqg\caffe_rtpose-master\caffe\caffe\x64\release\lrn_layer.cu.obj
d:\xqg\caffe_rtpose-master\caffe\caffe\x64\release\lstm_unit_layer.cu.obj
d:\xqg\caffe_rtpose-master\caffe\caffe\x64\release\math_functions.cu.obj
d:\xqg\caffe_rtpose-master\caffe\caffe\x64\release\mvn_layer.cu.obj
d:\xqg\caffe_rtpose-master\caffe\caffe\x64\release\nms_layer.cu.obj
d:\xqg\caffe_rtpose-master\caffe\caffe\x64\release\pooling_layer.cu.obj
d:\xqg\caffe_rtpose-master\caffe\caffe\x64\release\power_layer.cu.obj
d:\xqg\caffe_rtpose-master\caffe\caffe\x64\release\prelu_layer.cu.obj
d:\xqg\caffe_rtpose-master\caffe\caffe\x64\release\recurrent_layer.cu.obj
d:\xqg\caffe_rtpose-master\caffe\caffe\x64\release\reduction_layer.cu.obj
d:\xqg\caffe_rtpose-master\caffe\caffe\x64\release\relu_layer.cu.obj
d:\xqg\caffe_rtpose-master\caffe\caffe\x64\release\renderfunctions.cu.obj
d:\xqg\caffe_rtpose-master\caffe\caffe\x64\release\scale_layer.cu.obj
d:\xqg\caffe_rtpose-master\caffe\caffe\x64\release\sigmoid_cross_entropy_loss_layer.cu.obj
d:\xqg\caffe_rtpose-master\caffe\caffe\x64\release\sigmoid_layer.cu.obj
d:\xqg\caffe_rtpose-master\caffe\caffe\x64\release\silence_layer.cu.obj
d:\xqg\caffe_rtpose-master\caffe\caffe\x64\release\slice_layer.cu.obj
d:\xqg\caffe_rtpose-master\caffe\caffe\x64\release\softmax_layer.cu.obj
d:\xqg\caffe_rtpose-master\caffe\caffe\x64\release\softmax_loss_layer.cu.obj
d:\xqg\caffe_rtpose-master\caffe\caffe\x64\release\split_layer.cu.obj
d:\xqg\caffe_rtpose-master\caffe\caffe\x64\release\tanh_layer.cu.obj
d:\xqg\caffe_rtpose-master\caffe\caffe\x64\release\threshold_layer.cu.obj
d:\xqg\caffe_rtpose-master\caffe\caffe\x64\release\tile_layer.cu.obj
d:\xqg\caffe_rtpose-master\caffe\caffe\../../bin\caffe.exe
d:\xqg\caffe_rtpose-master\caffe\caffe\x64\release\caffe.tlog\caffe.write.1u.tlog
d:\xqg\caffe_rtpose-master\caffe\caffe\x64\release\caffe.tlog\cl.command.1.tlog
d:\xqg\caffe_rtpose-master\caffe\caffe\x64\release\caffe.tlog\cl.read.1.tlog
d:\xqg\caffe_rtpose-master\caffe\caffe\x64\release\caffe.tlog\cl.write.1.tlog
d:\xqg\caffe_rtpose-master\caffe\caffe\x64\release\caffe.tlog\link.command.1.tlog
d:\xqg\caffe_rtpose-master\caffe\caffe\x64\release\caffe.tlog\link.read.1.tlog
d:\xqg\caffe_rtpose-master\caffe\caffe\x64\release\caffe.tlog\link.write.1.tlog
d:\xqg\caffe_rtpose-master\caffe\caffe\x64\release\caffe.tlog\rc.command.1.tlog
d:\xqg\caffe_rtpose-master\caffe\caffe\x64\release\caffe.tlog\rc.read.1.tlog
d:\xqg\caffe_rtpose-master\caffe\caffe\x64\release\caffe.tlog\rc.write.1.tlog
